/*C3*/SET SCHEMA PUBLIC
CREATE TABLE IF NOT EXISTS AL_CONFIGURATION ( PROPERTY_NAME VARCHAR(255) NOT NULL UNIQUE , PROPERTY_VALUE LONGVARCHAR ) 
CREATE TABLE IF NOT EXISTS AL_GROUPS ( GROUP_NAME VARCHAR(255) NOT NULL PRIMARY KEY , DESCRIPTION LONGVARCHAR ) 
CREATE TABLE IF NOT EXISTS AL_TABLES ( TABLE_NAME VARCHAR(255) NOT NULL PRIMARY KEY , GROUP_NAME VARCHAR(255) , DESCRIPTION LONGVARCHAR ) 
CREATE TABLE IF NOT EXISTS AL_CUSTOM_TYPE ( TABLE_NAME VARCHAR(255) , COLUMN_NAME VARCHAR(255) , TYPE VARCHAR(255) , NAME VARCHAR(255) ) 
CREATE TABLE IF NOT EXISTS AL_VIEWS ( VIEW_NAME VARCHAR(255) NOT NULL UNIQUE , VIEW_DEFINITION LONGVARCHAR , IS_VALID BOOLEAN ) 
CREATE TABLE IF NOT EXISTS AL_SELECTED_LOG_OBJECTS ( NAME VARCHAR(255) NOT NULL UNIQUE , TYPE VARCHAR(255) ) 
CREATE TABLE IF NOT EXISTS AL_DB_OBJECTS ( NAME VARCHAR(255) NOT NULL UNIQUE , TYPE VARCHAR(255) , USAGE VARCHAR(255) ) 
DISCONNECT
/*C4*/SET SCHEMA PUBLIC
ALTER TABLE db ALTER COLUMN db_column1 RENAME TO ch4 
DISCONNECT
/*C5*/SET SCHEMA PUBLIC
DELETE FROM DB WHERE AL_ID=0
INSERT INTO DB VALUES(0,0,NULL)
DELETE FROM DB WHERE AL_ID=1
INSERT INTO DB VALUES(1,1,NULL)
DELETE FROM DB WHERE AL_ID=2
INSERT INTO DB VALUES(2,2,NULL)
DELETE FROM DB WHERE AL_ID=3
INSERT INTO DB VALUES(3,3,NULL)
DELETE FROM DB WHERE AL_ID=4
INSERT INTO DB VALUES(4,4,NULL)
DELETE FROM DB WHERE AL_ID=5
INSERT INTO DB VALUES(5,5,NULL)
DELETE FROM DB WHERE AL_ID=6
INSERT INTO DB VALUES(6,6,NULL)
DELETE FROM DB WHERE AL_ID=7
INSERT INTO DB VALUES(7,7,NULL)
DELETE FROM DB WHERE AL_ID=8
INSERT INTO DB VALUES(8,8,NULL)
DELETE FROM DB WHERE AL_ID=9
INSERT INTO DB VALUES(9,9,NULL)
DELETE FROM DB WHERE AL_ID=10
INSERT INTO DB VALUES(10,10,NULL)
DELETE FROM DB WHERE AL_ID=11
INSERT INTO DB VALUES(11,11,NULL)
DELETE FROM DB WHERE AL_ID=12
INSERT INTO DB VALUES(12,12,NULL)
DELETE FROM DB WHERE AL_ID=13
INSERT INTO DB VALUES(13,13,NULL)
DELETE FROM DB WHERE AL_ID=14
INSERT INTO DB VALUES(14,14,NULL)
DELETE FROM DB WHERE AL_ID=15
INSERT INTO DB VALUES(15,15,NULL)
DELETE FROM DB WHERE AL_ID=16
INSERT INTO DB VALUES(16,16,NULL)
DELETE FROM DB WHERE AL_ID=17
INSERT INTO DB VALUES(17,17,NULL)
DELETE FROM DB WHERE AL_ID=18
INSERT INTO DB VALUES(18,18,NULL)
DELETE FROM DB WHERE AL_ID=19
INSERT INTO DB VALUES(19,19,NULL)
DELETE FROM DB WHERE AL_ID=20
INSERT INTO DB VALUES(20,20,NULL)
DELETE FROM DB WHERE AL_ID=21
INSERT INTO DB VALUES(21,21,NULL)
DELETE FROM DB WHERE AL_ID=22
INSERT INTO DB VALUES(22,22,NULL)
COMMIT
DISCONNECT
/*C6*/SET SCHEMA PUBLIC
DELETE FROM DB WHERE AL_ID=0
INSERT INTO DB VALUES(0,0,380.64000000000004E0)
DELETE FROM DB WHERE AL_ID=1
INSERT INTO DB VALUES(1,1,377.52000000000004E0)
DELETE FROM DB WHERE AL_ID=2
INSERT INTO DB VALUES(2,2,304.9200000000001E0)
DELETE FROM DB WHERE AL_ID=3
INSERT INTO DB VALUES(3,3,363.0E0)
DELETE FROM DB WHERE AL_ID=4
INSERT INTO DB VALUES(4,4,355.74000000000007E0)
DELETE FROM DB WHERE AL_ID=5
INSERT INTO DB VALUES(5,5,312.17999999999995E0)
DELETE FROM DB WHERE AL_ID=6
INSERT INTO DB VALUES(6,6,304.9200000000001E0)
DELETE FROM DB WHERE AL_ID=7
INSERT INTO DB VALUES(7,7,392.04E0)
DELETE FROM DB WHERE AL_ID=8
INSERT INTO DB VALUES(8,8,338.4E0)
DELETE FROM DB WHERE AL_ID=9
INSERT INTO DB VALUES(9,9,316.8E0)
DELETE FROM DB WHERE AL_ID=10
INSERT INTO DB VALUES(10,10,316.8E0)
DELETE FROM DB WHERE AL_ID=11
INSERT INTO DB VALUES(11,11,309.6E0)
DELETE FROM DB WHERE AL_ID=12
INSERT INTO DB VALUES(12,12,439.20000000000005E0)
DELETE FROM DB WHERE AL_ID=13
INSERT INTO DB VALUES(13,13,345.59999999999997E0)
DELETE FROM DB WHERE AL_ID=14
INSERT INTO DB VALUES(14,14,312.17999999999995E0)
DELETE FROM DB WHERE AL_ID=15
INSERT INTO DB VALUES(15,15,377.52000000000004E0)
DELETE FROM DB WHERE AL_ID=16
INSERT INTO DB VALUES(16,16,363.0E0)
DELETE FROM DB WHERE AL_ID=17
INSERT INTO DB VALUES(17,17,363.0E0)
DELETE FROM DB WHERE AL_ID=18
INSERT INTO DB VALUES(18,18,417.24E0)
DELETE FROM DB WHERE AL_ID=19
INSERT INTO DB VALUES(19,19,417.24E0)
DELETE FROM DB WHERE AL_ID=20
INSERT INTO DB VALUES(20,20,417.24E0)
DELETE FROM DB WHERE AL_ID=21
INSERT INTO DB VALUES(21,21,424.56000000000006E0)
DELETE FROM DB WHERE AL_ID=22
INSERT INTO DB VALUES(22,22,420.66E0)
DELETE FROM DB WHERE AL_ID=23
INSERT INTO DB VALUES(23,23,405.90000000000003E0)
COMMIT
DISCONNECT
/*C7*/SET SCHEMA PUBLIC
DISCONNECT
/*C9*/SET SCHEMA PUBLIC
DISCONNECT
/*C8*/SET SCHEMA PUBLIC
DISCONNECT
/*C11*/SET SCHEMA PUBLIC
DISCONNECT
/*C10*/SET SCHEMA PUBLIC
DISCONNECT
/*C12*/SET SCHEMA PUBLIC
ALTER TABLE db ADD COLUMN db_column DOUBLE NULL 
DISCONNECT
/*C13*/SET SCHEMA PUBLIC
ALTER TABLE db ALTER COLUMN db_column RENAME TO p_gen 
DELETE FROM DB WHERE AL_ID=0
INSERT INTO DB VALUES(0,0,380.64000000000004E0,1060.46304E0)
DELETE FROM DB WHERE AL_ID=1
INSERT INTO DB VALUES(1,1,377.52000000000004E0,1051.7707200000002E0)
DELETE FROM DB WHERE AL_ID=2
INSERT INTO DB VALUES(2,2,304.9200000000001E0,849.5071200000003E0)
DELETE FROM DB WHERE AL_ID=3
INSERT INTO DB VALUES(3,3,363.0E0,1011.3180000000001E0)
DELETE FROM DB WHERE AL_ID=4
INSERT INTO DB VALUES(4,4,355.74000000000007E0,991.0916400000003E0)
DELETE FROM DB WHERE AL_ID=5
INSERT INTO DB VALUES(5,5,312.17999999999995E0,869.7334799999999E0)
DELETE FROM DB WHERE AL_ID=6
INSERT INTO DB VALUES(6,6,304.9200000000001E0,849.5071200000003E0)
DELETE FROM DB WHERE AL_ID=7
INSERT INTO DB VALUES(7,7,392.04E0,1092.2234400000002E0)
DELETE FROM DB WHERE AL_ID=8
INSERT INTO DB VALUES(8,8,338.4E0,942.7824E0)
DELETE FROM DB WHERE AL_ID=9
INSERT INTO DB VALUES(9,9,316.8E0,882.6048000000001E0)
DELETE FROM DB WHERE AL_ID=10
INSERT INTO DB VALUES(10,10,316.8E0,882.6048000000001E0)
DELETE FROM DB WHERE AL_ID=11
INSERT INTO DB VALUES(11,11,309.6E0,862.5456E0)
DELETE FROM DB WHERE AL_ID=12
INSERT INTO DB VALUES(12,12,439.20000000000005E0,1223.6112000000003E0)
DELETE FROM DB WHERE AL_ID=13
INSERT INTO DB VALUES(13,13,345.59999999999997E0,962.8416E0)
DELETE FROM DB WHERE AL_ID=14
INSERT INTO DB VALUES(14,14,312.17999999999995E0,869.7334799999999E0)
DELETE FROM DB WHERE AL_ID=15
INSERT INTO DB VALUES(15,15,377.52000000000004E0,1051.7707200000002E0)
DELETE FROM DB WHERE AL_ID=16
INSERT INTO DB VALUES(16,16,363.0E0,1011.3180000000001E0)
DELETE FROM DB WHERE AL_ID=17
INSERT INTO DB VALUES(17,17,363.0E0,1011.3180000000001E0)
DELETE FROM DB WHERE AL_ID=18
INSERT INTO DB VALUES(18,18,417.24E0,1162.43064E0)
DELETE FROM DB WHERE AL_ID=19
INSERT INTO DB VALUES(19,19,417.24E0,1162.43064E0)
DELETE FROM DB WHERE AL_ID=20
INSERT INTO DB VALUES(20,20,417.24E0,1162.43064E0)
DELETE FROM DB WHERE AL_ID=21
INSERT INTO DB VALUES(21,21,424.56000000000006E0,1182.8241600000003E0)
DELETE FROM DB WHERE AL_ID=22
INSERT INTO DB VALUES(22,22,420.66E0,1171.95876E0)
DELETE FROM DB WHERE AL_ID=23
INSERT INTO DB VALUES(23,23,405.90000000000003E0,1130.8374000000003E0)
COMMIT
DISCONNECT
/*C14*/SET SCHEMA PUBLIC
DISCONNECT
/*C16*/SET SCHEMA PUBLIC
DISCONNECT
/*C15*/SET SCHEMA PUBLIC
ALTER TABLE db ADD COLUMN db_column DOUBLE NULL 
DISCONNECT
/*C17*/SET SCHEMA PUBLIC
ALTER TABLE db ALTER COLUMN db_column RENAME TO p_load 
DELETE FROM DB WHERE AL_ID=0
INSERT INTO DB VALUES(0,0,380.64000000000004E0,1060.46304E0,10368.0E0)
DELETE FROM DB WHERE AL_ID=1
INSERT INTO DB VALUES(1,1,377.52000000000004E0,1051.7707200000002E0,10259.2E0)
DELETE FROM DB WHERE AL_ID=2
INSERT INTO DB VALUES(2,2,304.9200000000001E0,849.5071200000003E0,10166.4E0)
DELETE FROM DB WHERE AL_ID=3
INSERT INTO DB VALUES(3,3,363.0E0,1011.3180000000001E0,10124.800000000001E0)
DELETE FROM DB WHERE AL_ID=4
INSERT INTO DB VALUES(4,4,355.74000000000007E0,991.0916400000003E0,10313.599999999999E0)
DELETE FROM DB WHERE AL_ID=5
INSERT INTO DB VALUES(5,5,312.17999999999995E0,869.7334799999999E0,10745.6E0)
DELETE FROM DB WHERE AL_ID=6
INSERT INTO DB VALUES(6,6,304.9200000000001E0,849.5071200000003E0,11256.0E0)
DELETE FROM DB WHERE AL_ID=7
INSERT INTO DB VALUES(7,7,392.04E0,1092.2234400000002E0,10729.12E0)
DELETE FROM DB WHERE AL_ID=8
INSERT INTO DB VALUES(8,8,338.4E0,942.7824E0,10257.6E0)
DELETE FROM DB WHERE AL_ID=9
INSERT INTO DB VALUES(9,9,316.8E0,882.6048000000001E0,10380.800000000001E0)
DELETE FROM DB WHERE AL_ID=10
INSERT INTO DB VALUES(10,10,316.8E0,882.6048000000001E0,11022.4E0)
DELETE FROM DB WHERE AL_ID=11
INSERT INTO DB VALUES(11,11,309.6E0,862.5456E0,10875.199999999999E0)
DELETE FROM DB WHERE AL_ID=12
INSERT INTO DB VALUES(12,12,439.20000000000005E0,1223.6112000000003E0,10972.8E0)
DELETE FROM DB WHERE AL_ID=13
INSERT INTO DB VALUES(13,13,345.59999999999997E0,962.8416E0,10267.2E0)
DELETE FROM DB WHERE AL_ID=14
INSERT INTO DB VALUES(14,14,312.17999999999995E0,869.7334799999999E0,10776.0E0)
DELETE FROM DB WHERE AL_ID=15
INSERT INTO DB VALUES(15,15,377.52000000000004E0,1051.7707200000002E0,11155.2E0)
DELETE FROM DB WHERE AL_ID=16
INSERT INTO DB VALUES(16,16,363.0E0,1011.3180000000001E0,11606.400000000001E0)
DELETE FROM DB WHERE AL_ID=17
INSERT INTO DB VALUES(17,17,363.0E0,1011.3180000000001E0,11249.599999999999E0)
DELETE FROM DB WHERE AL_ID=18
INSERT INTO DB VALUES(18,18,417.24E0,1162.43064E0,10888.0E0)
DELETE FROM DB WHERE AL_ID=19
INSERT INTO DB VALUES(19,19,417.24E0,1162.43064E0,10785.6E0)
DELETE FROM DB WHERE AL_ID=20
INSERT INTO DB VALUES(20,20,417.24E0,1162.43064E0,10768.0E0)
DELETE FROM DB WHERE AL_ID=21
INSERT INTO DB VALUES(21,21,424.56000000000006E0,1182.8241600000003E0,10796.8E0)
DELETE FROM DB WHERE AL_ID=22
INSERT INTO DB VALUES(22,22,420.66E0,1171.95876E0,10849.6E0)
DELETE FROM DB WHERE AL_ID=23
INSERT INTO DB VALUES(23,23,405.90000000000003E0,1130.8374000000003E0,10704.0E0)
COMMIT
DISCONNECT
/*C18*/SET SCHEMA PUBLIC
DISCONNECT
/*C20*/SET SCHEMA PUBLIC
DISCONNECT
/*C19*/SET SCHEMA PUBLIC
DISCONNECT
/*C22*/SET SCHEMA PUBLIC
DISCONNECT
/*C21*/SET SCHEMA PUBLIC
DISCONNECT
/*C23*/SET SCHEMA PUBLIC
ALTER TABLE db ADD COLUMN db_column DOUBLE NULL 
DISCONNECT
/*C24*/SET SCHEMA PUBLIC
ALTER TABLE db ALTER COLUMN db_column RENAME TO p_grid 
DELETE FROM DB WHERE AL_ID=0
INSERT INTO DB VALUES(0,0,380.64000000000004E0,1060.46304E0,10368.0E0,NULL)
COMMIT
DISCONNECT
/*C25*/SET SCHEMA PUBLIC
DELETE FROM DB WHERE AL_ID=0
INSERT INTO DB VALUES(0,0,380.64000000000004E0,1060.46304E0,10368.0E0,NULL)
COMMIT
DISCONNECT
/*C26*/SET SCHEMA PUBLIC
ALTER TABLE db ALTER COLUMN p_grid RENAME TO db_column 
/*C27*/SET SCHEMA PUBLIC
DISCONNECT
/*C26*/DISCONNECT
